{
  message: 'database connected',
  level: 'info',
  service: 'user-service',
  label: 'HI',
  timestamp: '2023-06-19T14:48:43.287Z'
}
{
  message: 'listening on port 5000',
  level: 'info',
  service: 'user-service',
  label: 'HI',
  timestamp: '2023-06-19T14:48:43.292Z'
}
{
  message: 'database connected',
  level: 'info',
  service: 'user-service',
  label: 'HI',
  timestamp: '2023-06-19T14:49:16.913Z'
}
{
  message: 'listening on port 5000',
  level: 'info',
  service: 'user-service',
  label: 'HI',
  timestamp: '2023-06-19T14:49:16.918Z'
}
{
  message: 'database connected',
  level: 'info',
  service: 'user-service',
  label: 'HI',
  timestamp: '2023-06-19T14:49:45.966Z'
}
{
  message: 'listening on port 5000',
  level: 'info',
  service: 'user-service',
  label: 'HI',
  timestamp: '2023-06-19T14:49:45.973Z'
}
{
  message: 'database connected',
  level: 'info',
  service: 'user-service',
  label: 'HI',
  timestamp: '2023-06-19T14:49:50.158Z'
}
{
  message: 'listening on port 5000',
  level: 'info',
  service: 'user-service',
  label: 'HI',
  timestamp: '2023-06-19T14:49:50.163Z'
}
{
  message: 'database connected',
  level: 'info',
  service: 'user-service',
  label: 'HI',
  timestamp: '2023-06-19T14:49:52.773Z'
}
{
  message: 'listening on port 5000',
  level: 'info',
  service: 'user-service',
  label: 'HI',
  timestamp: '2023-06-19T14:49:52.778Z'
}
