{
  message: 'database connected',
  level: 'info',
  service: 'user-service',
  label: 'HI',
  timestamp: '2023-06-17T09:32:38.114Z'
}
{
  message: 'database connected',
  level: 'info',
  service: 'user-service',
  label: 'HI',
  timestamp: '2023-06-17T09:42:29.567Z'
}
{
  message: 'database connected',
  level: 'info',
  service: 'user-service',
  label: 'HI',
  timestamp: '2023-06-17T09:43:06.996Z'
}
{
  message: 'database connected',
  level: 'info',
  service: 'user-service',
  label: 'HI',
  timestamp: '2023-06-17T09:46:28.616Z'
}
{
  message: 'database connected',
  level: 'info',
  service: 'user-service',
  label: 'HI',
  timestamp: '2023-06-17T09:48:53.977Z'
}
